<?xml version="1.0" encoding="utf-8"?><testsuites name="pytest tests"><testsuite name="pytest" errors="3" failures="0" skipped="0" tests="3" time="14.404" timestamp="2026-01-02T22:20:32.872628-05:00" hostname="Chicago"><testcase classname="" name="tests.test_frames_event" time="0.000"><error message="collection failure">ImportError while importing test module '/mnt/c/MyCode/AbstractWiki/abstract-wiki-architect/tests/test_frames_event.py'.
Hint: make sure your test modules/packages have valid Python names.
Traceback:
/usr/lib/python3.12/importlib/__init__.py:90: in import_module
    return _bootstrap._gcd_import(name[level:], package, level)
           ^^^^^^^^^^^^^^^^^^^^^^^^^^^^^^^^^^^^^^^^^^^^^^^^^^^^
tests/test_frames_event.py:27: in &lt;module&gt;
    from app.core.domain.semantics.event.economic_financial_event_frame import (
app/core/domain/semantics/event/economic_financial_event_frame.py:123: in &lt;module&gt;
    from app.core.domain.semantics.types import Entity, Event
E   ModuleNotFoundError: No module named 'semantics'</error></testcase><testcase classname="" name="tests.test_frames_narrative" time="0.000"><error message="collection failure">ImportError while importing test module '/mnt/c/MyCode/AbstractWiki/abstract-wiki-architect/tests/test_frames_narrative.py'.
Hint: make sure your test modules/packages have valid Python names.
Traceback:
/usr/lib/python3.12/importlib/__init__.py:90: in import_module
    return _bootstrap._gcd_import(name[level:], package, level)
           ^^^^^^^^^^^^^^^^^^^^^^^^^^^^^^^^^^^^^^^^^^^^^^^^^^^^
tests/test_frames_narrative.py:41: in &lt;module&gt;
    from app.core.domain.semantics.narrative.development_evolution_frame import (
app/core/domain/semantics/narrative/development_evolution_frame.py:43: in &lt;module&gt;
    from app.core.domain.semantics.types import Entity, Event, TimeSpan
E   ModuleNotFoundError: No module named 'semantics'</error></testcase><testcase classname="" name="tests.test_frames_relational" time="0.000"><error message="collection failure">ImportError while importing test module '/mnt/c/MyCode/AbstractWiki/abstract-wiki-architect/tests/test_frames_relational.py'.
Hint: make sure your test modules/packages have valid Python names.
Traceback:
/usr/lib/python3.12/importlib/__init__.py:90: in import_module
    return _bootstrap._gcd_import(name[level:], package, level)
           ^^^^^^^^^^^^^^^^^^^^^^^^^^^^^^^^^^^^^^^^^^^^^^^^^^^^
tests/test_frames_relational.py:33: in &lt;module&gt;
    from app.core.domain.semantics.relational.membership_affiliation_frame import MembershipFrame
app/core/domain/semantics/relational/membership_affiliation_frame.py:24: in &lt;module&gt;
    from app.core.domain.semantics.types import Entity, TimeSpan
E   ModuleNotFoundError: No module named 'semantics'</error></testcase></testsuite></testsuites>